<?xml version="1.0" encoding="UTF-8"?>
<testsuite name="rspec" tests="20" skipped="0" failures="0" errors="0" time="0.015414" timestamp="2020-06-08T20:57:20-03:00" hostname="CTNDELLHF9WQ23">
<properties>
<property name="seed" value="33897"/>
</properties>
<testcase classname="spec.avengers_spec" name="AvengersHeadQuarter deve adicionar um vingador" file="./spec/avengers_spec.rb" time="0.002353"></testcase>
<testcase classname="spec.avengers_spec" name="AvengersHeadQuarter deve adicionar uma lista de vingadores" file="./spec/avengers_spec.rb" time="0.004092"></testcase>
<testcase classname="spec.avengers_spec" name="AvengersHeadQuarter thor deve ser o primeiro da lista" file="./spec/avengers_spec.rb" time="0.001652"></testcase>
<testcase classname="spec.avengers_spec" name="AvengersHeadQuarter Ironman deve ser o ultimo da lista" file="./spec/avengers_spec.rb" time="0.001096"></testcase>
<testcase classname="spec.avengers_spec" name="AvengersHeadQuarter deve conter o sobrenome" file="./spec/avengers_spec.rb" time="0.001451"></testcase>
<testcase classname="spec.bank.saque_cc_spec" name="ContaCorrente Saque quando o valor é positivo então atualiza saldo" file="./spec/bank/saque_cc_spec.rb" time="0.000144"></testcase>
<testcase classname="spec.bank.saque_cc_spec" name="ContaCorrente Saque quando o saldo é zero vejo mensagem" file="./spec/bank/saque_cc_spec.rb" time="0.000068"></testcase>
<testcase classname="spec.bank.saque_cc_spec" name="ContaCorrente Saque quando o saldo é zero meu saldo permanece com zeros" file="./spec/bank/saque_cc_spec.rb" time="0.000071"></testcase>
<testcase classname="spec.bank.saque_cc_spec" name="ContaCorrente Saque quando o saldo é insuficiente vejo mensagem" file="./spec/bank/saque_cc_spec.rb" time="0.000055"></testcase>
<testcase classname="spec.bank.saque_cc_spec" name="ContaCorrente Saque quando o saldo é insuficiente meu saldo permanece conforme o valor inicial" file="./spec/bank/saque_cc_spec.rb" time="0.000046"></testcase>
<testcase classname="spec.bank.saque_cc_spec" name="ContaCorrente Saque quando o valor do saque é maior que o limite por transação vejo mensagem" file="./spec/bank/saque_cc_spec.rb" time="0.000088"></testcase>
<testcase classname="spec.bank.saque_cc_spec" name="ContaCorrente Saque quando o valor do saque é maior que o limite por transação meu saldo permanece conforme o valor inicial" file="./spec/bank/saque_cc_spec.rb" time="0.000034"></testcase>
<testcase classname="spec.bank.saque_cp_spec" name="ContaPoupanca Saque quando o valor é positivo então atualiza saldo" file="./spec/bank/saque_cp_spec.rb" time="0.000037"></testcase>
<testcase classname="spec.bank.saque_cp_spec" name="ContaPoupanca Saque quando o saldo é zero vejo mensagem" file="./spec/bank/saque_cp_spec.rb" time="0.000035"></testcase>
<testcase classname="spec.bank.saque_cp_spec" name="ContaPoupanca Saque quando o saldo é zero meu saldo permanece com zeros" file="./spec/bank/saque_cp_spec.rb" time="0.000038"></testcase>
<testcase classname="spec.bank.saque_cp_spec" name="ContaPoupanca Saque quando o saldo é insuficiente vejo mensagem" file="./spec/bank/saque_cp_spec.rb" time="0.000035"></testcase>
<testcase classname="spec.bank.saque_cp_spec" name="ContaPoupanca Saque quando o saldo é insuficiente meu saldo permanece conforme o valor inicial" file="./spec/bank/saque_cp_spec.rb" time="0.000034"></testcase>
<testcase classname="spec.bank.saque_cp_spec" name="ContaPoupanca Saque quando o valor do saque é maior que o limite por transação vejo mensagem" file="./spec/bank/saque_cp_spec.rb" time="0.000034"></testcase>
<testcase classname="spec.bank.saque_cp_spec" name="ContaPoupanca Saque quando o valor do saque é maior que o limite por transação meu saldo permanece conforme o valor inicial" file="./spec/bank/saque_cp_spec.rb" time="0.000033"></testcase>
<testcase classname="spec.exemplos_spec" name="suite rspec some de valores" file="./spec/exemplos_spec.rb" time="0.000033"></testcase>
</testsuite>
